<?xml version="1.0" encoding="UTF-8"?>
<beans xmlns="http://www.springframework.org/schema/beans"
       xmlns:xsi="http://www.w3.org/2001/XMLSchema-instance"
       xsi:schemaLocation="http://www.springframework.org/schema/beans http://www.springframework.org/schema/beans/spring-beans.xsd">


    <bean id="ffzltemplate"  class="org.springframework.jdbc.core.JdbcTemplate">
        <constructor-arg name="dataSource" ref="ffzldataSource"></constructor-arg>
    </bean>
    <bean id="taskpThreadPool" class="org.springframework.scheduling.concurrent.ThreadPoolExecutorFactoryBean">
        <property name="corePoolSize" value="20"/>
        <property name="keepAliveSeconds" value="60"/>
        <property name="maxPoolSize" value="50"/>
        <property name="awaitTerminationSeconds" value="300"/>
        <property name="queueCapacity" value="30"/>
        <property name="threadNamePrefix" value="spring_"/>
    </bean>
</beans>
