<?xml version="1.0" encoding="UTF-8"?>
<beans xmlns="http://www.springframework.org/schema/beans"
       xmlns:xsi="http://www.w3.org/2001/XMLSchema-instance" xmlns:aop="http://www.springframework.org/schema/aop"
       xsi:schemaLocation="http://www.springframework.org/schema/beans http://www.springframework.org/schema/beans/spring-beans.xsd http://www.springframework.org/schema/aop http://www.springframework.org/schema/aop/spring-aop.xsd">


    <bean id="helloAop" class="org.dragonfei.HelloAop"/>
    <bean id="intorceptor1" class="org.dragonfei.MethodInterceptor1"/>
    <!--<bean id="intorceptor2" class="org.dragonfei.MethodInterceptor2"/>-->
    <!--<bean id="proxyhelloAop" class="org.springframework.aop.framework.ProxyFactoryBean">
        <property name="interceptorNames">
            <array>
                <value>intorceptor1</value>
                <value>intorceptor2</value>
&lt;!&ndash;
                <value>myPointCut</value>
&ndash;&gt;
                <value>helloAop</value>
            </array>
        </property>
    </bean>-->
    <bean id="myPoint" class="org.dragonfei.TestPointCut"></bean>
<!--    <bean id="myPointCut" class="org.dragonfei.TestPointCutAdvisor">
        <property name="pointcut" ref="myPoint"/>
        <property name="advice" ref="intorceptor1"></property>
    </bean>-->

    <aop:config proxy-target-class="true">
        <aop:advisor advice-ref="intorceptor1" pointcut-ref="myPoint"/>
    </aop:config>
</beans>