<?xml version="1.0" encoding="UTF-8"?>
<beans xmlns="http://www.springframework.org/schema/beans"
       xmlns:xsi="http://www.w3.org/2001/XMLSchema-instance"
       xmlns:context="http://www.springframework.org/schema/context"
       xsi:schemaLocation="http://www.springframework.org/schema/beans http://www.springframework.org/schema/beans/spring-beans.xsd http://www.springframework.org/schema/context http://www.springframework.org/schema/context/spring-context.xsd">


    <bean id="helloAop" class="org.dragonfei.HelloAop"/>
    <bean id="intorceptor1" class="org.dragonfei.MethodInterceptor1"/>
    <bean id="intorceptor2" class="org.dragonfei.MethodInterceptor2"/>
    <bean id="proxyhelloAop" class="org.springframework.aop.framework.ProxyFactoryBean">
        <property name="interceptorNames">
            <array>
                <value>intorceptor1</value>
                <value>intorceptor2</value>
                <value>helloAop</value>
            </array>
        </property>
    </bean>
</beans>